Using pre-set license
Built from '2020.3/staging' branch; Version is '2020.3.8f1 (507919d4fff5) revision 5273881'; Using compiler version '192528614'; Build Type 'Release'
OS: 'Windows 10 Pro; OS build 19041.985; Version 2004; 64bit' Language: 'en' Physical Memory: 16324 MB
BatchMode: 1, IsHumanControllingUs: 0, StartBugReporterOnCrash: 0, Is64bit: 1, IsPro: 0

 COMMAND LINE ARGUMENTS:
C:\Program Files\Unity\Hub\Editor\2020.3.8f1\Editor\Unity.exe
-adb2
-batchMode
-noUpm
-name
AssetImportWorker0
-projectPath
D:/_projects/Create with Code/prototype-3
-logFile
Logs/AssetImportWorker0.log
-srvPort
64859
Successfully changed project path to: D:/_projects/Create with Code/prototype-3
D:/_projects/Create with Code/prototype-3
Using Asset Import Pipeline V2.
Refreshing native plugins compatible for Editor in 27.79 ms, found 0 plugins.
Preloading 0 native plugins for Editor in 0.00 ms.
Initialize engine version: 2020.3.8f1 (507919d4fff5)
[Subsystems] Discovering subsystems at path C:/Program Files/Unity/Hub/Editor/2020.3.8f1/Editor/Data/Resources/UnitySubsystems
[Subsystems] Discovering subsystems at path D:/_projects/Create with Code/prototype-3/Assets
GfxDevice: creating device client; threaded=0
Direct3D:
    Version:  Direct3D 11.0 [level 11.1]
    Renderer: NVIDIA GeForce GTX 1080 Ti (ID=0x1b06)
    Vendor:   
    VRAM:     11127 MB
    Driver:   27.21.14.6647
Initialize mono
Mono path[0] = 'C:/Program Files/Unity/Hub/Editor/2020.3.8f1/Editor/Data/Managed'
Mono path[1] = 'C:/Program Files/Unity/Hub/Editor/2020.3.8f1/Editor/Data/MonoBleedingEdge/lib/mono/unityjit'
Mono config path = 'C:/Program Files/Unity/Hub/Editor/2020.3.8f1/Editor/Data/MonoBleedingEdge/etc'
Using monoOptions --debugger-agent=transport=dt_socket,embedding=1,server=y,suspend=n,address=127.0.0.1:56384
Begin MonoManager ReloadAssembly
Registering precompiled unity dll's ...
Register platform support module: C:/Program Files/Unity/Hub/Editor/2020.3.8f1/Editor/Data/PlaybackEngines/WebGLSupport/UnityEditor.WebGL.Extensions.dll
Register platform support module: C:/Program Files/Unity/Hub/Editor/2020.3.8f1/Editor/Data/PlaybackEngines/WindowsStandaloneSupport/UnityEditor.WindowsStandalone.Extensions.dll
Registered in 0.004398 seconds.
Native extension for WindowsStandalone target not found
Native extension for WebGL target not found
Refreshing native plugins compatible for Editor in 30.69 ms, found 0 plugins.
Preloading 0 native plugins for Editor in 0.00 ms.
Mono: successfully reloaded assembly
- Completed reload, in  1.570 seconds
Platform modules already initialized, skipping
Registering precompiled user dll's ...
Registered in 0.000942 seconds.
Begin MonoManager ReloadAssembly
Native extension for WindowsStandalone target not found
Native extension for WebGL target not found
Refreshing native plugins compatible for Editor in 0.25 ms, found 0 plugins.
Preloading 0 native plugins for Editor in 0.00 ms.
Mono: successfully reloaded assembly
- Completed reload, in  1.040 seconds
Platform modules already initialized, skipping
========================================================================
Worker process is ready to serve import requests
Launched and connected shader compiler UnityShaderCompiler.exe after 0.05 seconds
Refreshing native plugins compatible for Editor in 0.34 ms, found 0 plugins.
Preloading 0 native plugins for Editor in 0.00 ms.
Unloading 1130 Unused Serialized files (Serialized files now loaded: 0)
System memory in use before: 57.9 MB.
System memory in use after: 58.0 MB.

Unloading 10 unused Assets to reduce memory usage. Loaded Objects now: 1573.
Total: 1.686100 ms (FindLiveObjects: 0.121000 ms CreateObjectMapping: 0.036500 ms MarkObjects: 1.436200 ms  DeleteObjects: 0.091200 ms)

========================================================================
Received Import Request.
  path: Assets/Scenes/EndlessRunner.unity
  artifactKey: Guid(330b3402666b82942984115b1be1f2e2) Importer(815301076,1909f56bfc062723c751e8b465ee728b)
Start importing Assets/Scenes/EndlessRunner.unity using Guid(330b3402666b82942984115b1be1f2e2) Importer(815301076,1909f56bfc062723c751e8b465ee728b)  -> (artifact id: '3053b3d5262a63f2138f9f08ac8ccf1e') in 0.023304 seconds
  Import took 0.025636 seconds .

========================================================================
Received Import Request.
  Time since last request: 33.037738 seconds.
  path: Assets/Textures/Mask.jpg
  artifactKey: Guid(7876b5b5948c0fd4283ecc08a506c5b4) Importer(815301076,1909f56bfc062723c751e8b465ee728b)
Start importing Assets/Textures/Mask.jpg using Guid(7876b5b5948c0fd4283ecc08a506c5b4) Importer(815301076,1909f56bfc062723c751e8b465ee728b)  -> (artifact id: '87e95a39435ab6a34747f37752ff0cf5') in 0.067175 seconds
  Import took 0.069307 seconds .

========================================================================
Received Import Request.
  Time since last request: 0.005997 seconds.
  path: Assets/Textures/Mask.jpg
  artifactKey: Guid(7876b5b5948c0fd4283ecc08a506c5b4) Importer(815301076,1909f56bfc062723c751e8b465ee728b)
Start importing Assets/Textures/Mask.jpg using Guid(7876b5b5948c0fd4283ecc08a506c5b4) Importer(815301076,1909f56bfc062723c751e8b465ee728b)  -> (artifact id: '87e95a39435ab6a34747f37752ff0cf5') in 0.013218 seconds
  Import took 0.015352 seconds .

========================================================================
Received Import Request.
  Time since last request: 7.068467 seconds.
  path: Assets/Prefabs/Face mask.prefab
  artifactKey: Guid(245bbb5192b0189468a005705c66a580) Importer(815301076,1909f56bfc062723c751e8b465ee728b)
Start importing Assets/Prefabs/Face mask.prefab using Guid(245bbb5192b0189468a005705c66a580) Importer(815301076,1909f56bfc062723c751e8b465ee728b)  -> (artifact id: 'aeece129c70a0a9b060ea3852a559457') in 0.080736 seconds
  Import took 0.083056 seconds .

========================================================================
Received Import Request.
  Time since last request: 1.018136 seconds.
  path: Assets/Prefabs/Face mask (1).prefab
  artifactKey: Guid(644be69f8168de041a36d4a82edc58a3) Importer(815301076,1909f56bfc062723c751e8b465ee728b)
Start importing Assets/Prefabs/Face mask (1).prefab using Guid(644be69f8168de041a36d4a82edc58a3) Importer(815301076,1909f56bfc062723c751e8b465ee728b)  -> (artifact id: '30153182bc78b4b5445c5b4a77c8740a') in 0.018270 seconds
  Import took 0.022906 seconds .

========================================================================
Received Import Request.
  Time since last request: 152.034974 seconds.
  path: Assets/Course Library/_Source_Files/FBX/Animations/SimpleCharacter_5.0.controller
  artifactKey: Guid(1de385df2ff713a41adfcbbb63b8af91) Importer(815301076,1909f56bfc062723c751e8b465ee728b)
Start importing Assets/Course Library/_Source_Files/FBX/Animations/SimpleCharacter_5.0.controller using Guid(1de385df2ff713a41adfcbbb63b8af91) Importer(815301076,1909f56bfc062723c751e8b465ee728b)  -> (artifact id: 'ceb3cb50bd08747e90d58956bb8e47b6') in 0.048284 seconds
  Import took 0.055246 seconds .

========================================================================
Received Prepare
Registering precompiled user dll's ...
Registered in 0.001469 seconds.
Begin MonoManager ReloadAssembly
Native extension for WindowsStandalone target not found
Native extension for WebGL target not found
Refreshing native plugins compatible for Editor in 0.28 ms, found 0 plugins.
Preloading 0 native plugins for Editor in 0.00 ms.
Mono: successfully reloaded assembly
- Completed reload, in  1.049 seconds
Platform modules already initialized, skipping
Refreshing native plugins compatible for Editor in 0.28 ms, found 0 plugins.
Preloading 0 native plugins for Editor in 0.00 ms.
Unloading 1137 Unused Serialized files (Serialized files now loaded: 0)
System memory in use before: 62.9 MB.
System memory in use after: 62.3 MB.

Unloading 18 unused Assets to reduce memory usage. Loaded Objects now: 1585.
Total: 3.302700 ms (FindLiveObjects: 0.203900 ms CreateObjectMapping: 0.070100 ms MarkObjects: 2.589400 ms  DeleteObjects: 0.437400 ms)

========================================================================
Received Import Request.
  Time since last request: 69.321268 seconds.
  path: Assets/Prefabs/Barrels 1.prefab
  artifactKey: Guid(2916a94ab39e1bd489463325f4da0bc7) Importer(815301076,1909f56bfc062723c751e8b465ee728b)
Start importing Assets/Prefabs/Barrels 1.prefab using Guid(2916a94ab39e1bd489463325f4da0bc7) Importer(815301076,1909f56bfc062723c751e8b465ee728b)  -> (artifact id: 'fd42cef9cf1945a082de741de45f8a8f') in 0.087610 seconds
  Import took 0.090265 seconds .

========================================================================
Received Import Request.
  Time since last request: 0.568055 seconds.
  path: Assets/Prefabs/Crate_01 1.prefab
  artifactKey: Guid(cf02c15fb9a80f74898812236c18e37d) Importer(815301076,1909f56bfc062723c751e8b465ee728b)
Start importing Assets/Prefabs/Crate_01 1.prefab using Guid(cf02c15fb9a80f74898812236c18e37d) Importer(815301076,1909f56bfc062723c751e8b465ee728b)  -> (artifact id: 'a76283fd90aae7c7fc0ddd6f2d76202f') in 0.019496 seconds
  Import took 0.022649 seconds .

========================================================================
Received Import Request.
  Time since last request: 0.057365 seconds.
  path: Assets/Prefabs/Crate_01 1.prefab
  artifactKey: Guid(cf02c15fb9a80f74898812236c18e37d) Importer(815301076,1909f56bfc062723c751e8b465ee728b)
Start importing Assets/Prefabs/Crate_01 1.prefab using Guid(cf02c15fb9a80f74898812236c18e37d) Importer(815301076,1909f56bfc062723c751e8b465ee728b)  -> (artifact id: 'a76283fd90aae7c7fc0ddd6f2d76202f') in 0.016955 seconds
  Import took 0.020061 seconds .

========================================================================
Received Import Request.
  Time since last request: 25.942713 seconds.
  path: Assets/Course Library/_Source_Files/Textures/Background_City.png
  artifactKey: Guid(66ce0fda7508547d2be6b20eac53f119) Importer(815301076,1909f56bfc062723c751e8b465ee728b)
Start importing Assets/Course Library/_Source_Files/Textures/Background_City.png using Guid(66ce0fda7508547d2be6b20eac53f119) Importer(815301076,1909f56bfc062723c751e8b465ee728b)  -> (artifact id: '8837ae6e64e2ca2b6c3e0addfcd43c43') in 0.085422 seconds
  Import took 0.088029 seconds .

========================================================================
Received Import Request.
  Time since last request: 0.000279 seconds.
  path: Assets/Course Library/_Source_Files/Textures/Background_Nature.png
  artifactKey: Guid(17881b719d84f46169e88d04d594eb75) Importer(815301076,1909f56bfc062723c751e8b465ee728b)
Start importing Assets/Course Library/_Source_Files/Textures/Background_Nature.png using Guid(17881b719d84f46169e88d04d594eb75) Importer(815301076,1909f56bfc062723c751e8b465ee728b)  -> (artifact id: 'd6fc9a639e17d2a4861a213d3180821a') in 0.018883 seconds
  Import took 0.022422 seconds .

========================================================================
Received Import Request.
  Time since last request: 0.000173 seconds.
  path: Assets/Course Library/_Source_Files/Textures/Background_Town.png
  artifactKey: Guid(640fa9e54570b4acbbc4acf8f3bf8663) Importer(815301076,1909f56bfc062723c751e8b465ee728b)
Start importing Assets/Course Library/_Source_Files/Textures/Background_Town.png using Guid(640fa9e54570b4acbbc4acf8f3bf8663) Importer(815301076,1909f56bfc062723c751e8b465ee728b)  -> (artifact id: '15f2ad7ffe5af012c68133b29129d863') in 0.017154 seconds
  Import took 0.031055 seconds .

========================================================================
Received Import Request.
  Time since last request: 0.000224 seconds.
  path: Assets/TextMesh Pro/Sprites/EmojiOne.png
  artifactKey: Guid(dffef66376be4fa480fb02b19edbe903) Importer(815301076,1909f56bfc062723c751e8b465ee728b)
Start importing Assets/TextMesh Pro/Sprites/EmojiOne.png using Guid(dffef66376be4fa480fb02b19edbe903) Importer(815301076,1909f56bfc062723c751e8b465ee728b)  -> (artifact id: '92586aecf8e2538689274de9a92d1815') in 0.018385 seconds
  Import took 0.020452 seconds .

========================================================================
Received Import Request.
  Time since last request: 0.000198 seconds.
  path: Assets/TextMesh Pro/Resources/Fonts & Materials/LiberationSans SDF - Fallback.asset
  artifactKey: Guid(2e498d1c8094910479dc3e1b768306a4) Importer(815301076,1909f56bfc062723c751e8b465ee728b)
Start importing Assets/TextMesh Pro/Resources/Fonts & Materials/LiberationSans SDF - Fallback.asset using Guid(2e498d1c8094910479dc3e1b768306a4) Importer(815301076,1909f56bfc062723c751e8b465ee728b)  -> (artifact id: 'b8c2210586957436df79bf961aeff06e') in 0.070474 seconds
  Import took 0.073317 seconds .

========================================================================
Received Import Request.
  Time since last request: 0.000221 seconds.
  path: Assets/TextMesh Pro/Resources/Fonts & Materials/LiberationSans SDF.asset
  artifactKey: Guid(8f586378b4e144a9851e7b34d9b748ee) Importer(815301076,1909f56bfc062723c751e8b465ee728b)
Start importing Assets/TextMesh Pro/Resources/Fonts & Materials/LiberationSans SDF.asset using Guid(8f586378b4e144a9851e7b34d9b748ee) Importer(815301076,1909f56bfc062723c751e8b465ee728b)  -> (artifact id: 'f1280cc7be10b532b2897fc8654f95d3') in 0.056194 seconds
  Import took 0.059241 seconds .

========================================================================
Received Import Request.
  Time since last request: 5.464265 seconds.
  path: Assets/Course Library/_Source_Files/Textures/SimpleFarmer_Farmer_Black.png
  artifactKey: Guid(8fddee26d7af656469060882f739f16a) Importer(815301076,1909f56bfc062723c751e8b465ee728b)
Start importing Assets/Course Library/_Source_Files/Textures/SimpleFarmer_Farmer_Black.png using Guid(8fddee26d7af656469060882f739f16a) Importer(815301076,1909f56bfc062723c751e8b465ee728b)  -> (artifact id: '3eb9f2abdaaeb885bc5dbd2d3e43b857') in 0.024189 seconds
  Import took 0.026985 seconds .

========================================================================
Received Import Request.
  Time since last request: 0.000194 seconds.
  path: Assets/Course Library/_Source_Files/Textures/SimpleFarmer_FarmersDaughter_White.png
  artifactKey: Guid(bde8e4ecd0b2f344bb3b0d5bc6f7fc9c) Importer(815301076,1909f56bfc062723c751e8b465ee728b)
Start importing Assets/Course Library/_Source_Files/Textures/SimpleFarmer_FarmersDaughter_White.png using Guid(bde8e4ecd0b2f344bb3b0d5bc6f7fc9c) Importer(815301076,1909f56bfc062723c751e8b465ee728b)  -> (artifact id: '98c6fe6966cccc832c77a29f00fa7ec8') in 0.019618 seconds
  Import took 0.031786 seconds .

========================================================================
Received Import Request.
  Time since last request: 0.000238 seconds.
  path: Assets/Course Library/_Source_Files/Textures/SimpleFarmer_Farmer_Brown.png
  artifactKey: Guid(065c4bcb58412d949a264763a07a818a) Importer(815301076,1909f56bfc062723c751e8b465ee728b)
Start importing Assets/Course Library/_Source_Files/Textures/SimpleFarmer_Farmer_Brown.png using Guid(065c4bcb58412d949a264763a07a818a) Importer(815301076,1909f56bfc062723c751e8b465ee728b)  -> (artifact id: 'df2ed449fd7467be5696eef71acb9f75') in 0.060027 seconds
  Import took 0.062797 seconds .

========================================================================
Received Import Request.
  Time since last request: 0.000500 seconds.
  path: Assets/Course Library/_Source_Files/Textures/SimpleFarmer_FarmersDaughter_Black.png
  artifactKey: Guid(96100b630096bb24b8ec619d9e6b1211) Importer(815301076,1909f56bfc062723c751e8b465ee728b)
Start importing Assets/Course Library/_Source_Files/Textures/SimpleFarmer_FarmersDaughter_Black.png using Guid(96100b630096bb24b8ec619d9e6b1211) Importer(815301076,1909f56bfc062723c751e8b465ee728b)  -> (artifact id: 'ccb0ca3921427bfe2225db6237a30263') in 0.015219 seconds
  Import took 0.018142 seconds .

========================================================================
Received Import Request.
  Time since last request: 0.000266 seconds.
  path: Assets/Course Library/_Source_Files/Textures/SimpleFarmer_Farmer_Brown.png
  artifactKey: Guid(065c4bcb58412d949a264763a07a818a) Importer(815301076,1909f56bfc062723c751e8b465ee728b)
Start importing Assets/Course Library/_Source_Files/Textures/SimpleFarmer_Farmer_Brown.png using Guid(065c4bcb58412d949a264763a07a818a) Importer(815301076,1909f56bfc062723c751e8b465ee728b)  -> (artifact id: 'df2ed449fd7467be5696eef71acb9f75') in 0.006632 seconds
  Import took 0.009003 seconds .

========================================================================
Received Import Request.
  Time since last request: 0.000212 seconds.
  path: Assets/Course Library/_Source_Files/Textures/SimpleFarmer_Farmer_White.png
  artifactKey: Guid(b5439d586ec428a40aef081b40d65655) Importer(815301076,1909f56bfc062723c751e8b465ee728b)
Start importing Assets/Course Library/_Source_Files/Textures/SimpleFarmer_Farmer_White.png using Guid(b5439d586ec428a40aef081b40d65655) Importer(815301076,1909f56bfc062723c751e8b465ee728b)  -> (artifact id: '6ebc80fa2a13a50fe7af770bfc962b47') in 0.026042 seconds
  Import took 0.028560 seconds .

========================================================================
Received Import Request.
  Time since last request: 0.000223 seconds.
  path: Assets/Course Library/_Source_Files/Textures/SimpleFarmer_FarmersDaughter_Brown.png
  artifactKey: Guid(144811adb05d9874fab57bf4b53356a1) Importer(815301076,1909f56bfc062723c751e8b465ee728b)
Start importing Assets/Course Library/_Source_Files/Textures/SimpleFarmer_FarmersDaughter_Brown.png using Guid(144811adb05d9874fab57bf4b53356a1) Importer(815301076,1909f56bfc062723c751e8b465ee728b)  -> (artifact id: '1485b609439abc62e266a11626e9fabc') in 0.014951 seconds
  Import took 0.017635 seconds .

========================================================================
Received Import Request.
  Time since last request: 0.002397 seconds.
  path: Assets/Course Library/_Source_Files/Textures/SimpleFarmer_FarmersDaughter_Brown.png
  artifactKey: Guid(144811adb05d9874fab57bf4b53356a1) Importer(815301076,1909f56bfc062723c751e8b465ee728b)
Start importing Assets/Course Library/_Source_Files/Textures/SimpleFarmer_FarmersDaughter_Brown.png using Guid(144811adb05d9874fab57bf4b53356a1) Importer(815301076,1909f56bfc062723c751e8b465ee728b)  -> (artifact id: '1485b609439abc62e266a11626e9fabc') in 0.008030 seconds
  Import took 0.010859 seconds .

========================================================================
Received Import Request.
  Time since last request: 5.742551 seconds.
  path: Assets/Course Library/_Source_Files/Textures/SimpleFarmer_FarmersWife_Black.png
  artifactKey: Guid(1d2be5615bea5d44f97a1c40b5c11815) Importer(815301076,1909f56bfc062723c751e8b465ee728b)
Start importing Assets/Course Library/_Source_Files/Textures/SimpleFarmer_FarmersWife_Black.png using Guid(1d2be5615bea5d44f97a1c40b5c11815) Importer(815301076,1909f56bfc062723c751e8b465ee728b)  -> (artifact id: '2a7944959a5680a5d734fd6e5aa38c80') in 0.015348 seconds
  Import took 0.018058 seconds .

========================================================================
Received Import Request.
  Time since last request: 0.000234 seconds.
  path: Assets/Course Library/_Source_Files/Textures/SimpleFarmer_FarmersWife_Brown.png
  artifactKey: Guid(6e4a419d05af9f049b1f7cdca7274f70) Importer(815301076,1909f56bfc062723c751e8b465ee728b)
Start importing Assets/Course Library/_Source_Files/Textures/SimpleFarmer_FarmersWife_Brown.png using Guid(6e4a419d05af9f049b1f7cdca7274f70) Importer(815301076,1909f56bfc062723c751e8b465ee728b)  -> (artifact id: '4830e8a7df1772cd78d40d60dcf2a04a') in 0.014696 seconds
  Import took 0.017543 seconds .

========================================================================
Received Import Request.
  Time since last request: 0.538826 seconds.
  path: Assets/Course Library/_Source_Files/Textures/SimpleFarmer_FarmersWife_White.png
  artifactKey: Guid(f555d3f85b4960e4287918ec81c10d9a) Importer(815301076,1909f56bfc062723c751e8b465ee728b)
Start importing Assets/Course Library/_Source_Files/Textures/SimpleFarmer_FarmersWife_White.png using Guid(f555d3f85b4960e4287918ec81c10d9a) Importer(815301076,1909f56bfc062723c751e8b465ee728b)  -> (artifact id: 'de4b93614d170036ec5fd8c2ed595a95') in 0.013094 seconds
  Import took 0.015629 seconds .

========================================================================
Received Import Request.
  Time since last request: 0.000187 seconds.
  path: Assets/Course Library/_Source_Files/Textures/SimpleFarmer_FarmWrangler_Black.png
  artifactKey: Guid(e3f5ae7056ee847478654d8ef6f4c4ad) Importer(815301076,1909f56bfc062723c751e8b465ee728b)
Start importing Assets/Course Library/_Source_Files/Textures/SimpleFarmer_FarmWrangler_Black.png using Guid(e3f5ae7056ee847478654d8ef6f4c4ad) Importer(815301076,1909f56bfc062723c751e8b465ee728b)  -> (artifact id: '090ebfb47e614aa78cc24ccb9290a40b') in 0.011586 seconds
  Import took 0.014513 seconds .

========================================================================
Received Import Request.
  Time since last request: 0.068411 seconds.
  path: Assets/Course Library/_Source_Files/Textures/SimpleFarmer_FarmWrangler_Brown.png
  artifactKey: Guid(45eb17d5fe65a6942aee37575c20cf68) Importer(815301076,1909f56bfc062723c751e8b465ee728b)
Start importing Assets/Course Library/_Source_Files/Textures/SimpleFarmer_FarmWrangler_Brown.png using Guid(45eb17d5fe65a6942aee37575c20cf68) Importer(815301076,1909f56bfc062723c751e8b465ee728b)  -> (artifact id: '03d0767837b313b6e0bc173cffe9772e') in 0.030656 seconds
  Import took 0.033067 seconds .

========================================================================
Received Import Request.
  Time since last request: 0.000189 seconds.
  path: Assets/Course Library/_Source_Files/Textures/SimpleFarmer_FarmWrangler_White.png
  artifactKey: Guid(38afee6b97f1660489dfceac21653a3d) Importer(815301076,1909f56bfc062723c751e8b465ee728b)
Start importing Assets/Course Library/_Source_Files/Textures/SimpleFarmer_FarmWrangler_White.png using Guid(38afee6b97f1660489dfceac21653a3d) Importer(815301076,1909f56bfc062723c751e8b465ee728b)  -> (artifact id: '2d20bd333cc34745fbe0eca8ec1145bb') in 0.020495 seconds
  Import took 0.023424 seconds .

========================================================================
Received Import Request.
  Time since last request: 0.386205 seconds.
  path: Assets/Course Library/_Source_Files/Textures/SimplePeople_BeachBabe_Black.png
  artifactKey: Guid(3b5da37f4a0c7dc4cb0d29868a1bdaa3) Importer(815301076,1909f56bfc062723c751e8b465ee728b)
Start importing Assets/Course Library/_Source_Files/Textures/SimplePeople_BeachBabe_Black.png using Guid(3b5da37f4a0c7dc4cb0d29868a1bdaa3) Importer(815301076,1909f56bfc062723c751e8b465ee728b)  -> (artifact id: '2bd2c0f7fb0c4230a1718a556d3587b6') in 0.013150 seconds
  Import took 0.016009 seconds .

========================================================================
Received Import Request.
  Time since last request: 0.000256 seconds.
  path: Assets/Course Library/_Source_Files/Textures/SimplePeople_BusinessMan_Black.png
  artifactKey: Guid(9506c885cd9fa144e9142a03fbd99dd6) Importer(815301076,1909f56bfc062723c751e8b465ee728b)
Start importing Assets/Course Library/_Source_Files/Textures/SimplePeople_BusinessMan_Black.png using Guid(9506c885cd9fa144e9142a03fbd99dd6) Importer(815301076,1909f56bfc062723c751e8b465ee728b)  -> (artifact id: '516fd0b217853d483d22f3716dc208ef') in 0.019460 seconds
  Import took 0.021841 seconds .

========================================================================
Received Import Request.
  Time since last request: 0.046993 seconds.
  path: Assets/Course Library/_Source_Files/Textures/SimplePeople_BusinessMan_Brown.png
  artifactKey: Guid(5d6795382a9cf8e45a68ba4346c66efd) Importer(815301076,1909f56bfc062723c751e8b465ee728b)
Start importing Assets/Course Library/_Source_Files/Textures/SimplePeople_BusinessMan_Brown.png using Guid(5d6795382a9cf8e45a68ba4346c66efd) Importer(815301076,1909f56bfc062723c751e8b465ee728b)  -> (artifact id: '8f06b2448f4cabe5d62573ffde31adae') in 0.034310 seconds
  Import took 0.037148 seconds .

========================================================================
Received Import Request.
  Time since last request: 0.000204 seconds.
  path: Assets/Course Library/_Source_Files/Textures/SimplePeople_BusinessMan_White.png
  artifactKey: Guid(12e281a5b44dcce4393d675312775b10) Importer(815301076,1909f56bfc062723c751e8b465ee728b)
Start importing Assets/Course Library/_Source_Files/Textures/SimplePeople_BusinessMan_White.png using Guid(12e281a5b44dcce4393d675312775b10) Importer(815301076,1909f56bfc062723c751e8b465ee728b)  -> (artifact id: '8857dbd4aeb40e4cc5199b6f3cb068b0') in 0.012058 seconds
  Import took 0.014216 seconds .

========================================================================
Received Import Request.
  Time since last request: 0.052810 seconds.
  path: Assets/Course Library/_Source_Files/Textures/SimplePeople_Doctor_Black.png
  artifactKey: Guid(002f8de457afeef49b3d5456f61586ed) Importer(815301076,1909f56bfc062723c751e8b465ee728b)
Start importing Assets/Course Library/_Source_Files/Textures/SimplePeople_Doctor_Black.png using Guid(002f8de457afeef49b3d5456f61586ed) Importer(815301076,1909f56bfc062723c751e8b465ee728b)  -> (artifact id: '9182553429d64594dbb8f3e9111f02be') in 0.013587 seconds
  Import took 0.016511 seconds .

========================================================================
Received Import Request.
  Time since last request: 0.000273 seconds.
  path: Assets/Course Library/_Source_Files/Textures/SimplePeople_Doctor_Brown.png
  artifactKey: Guid(9aac84faf67d0ca4b9d6efbd4d27a849) Importer(815301076,1909f56bfc062723c751e8b465ee728b)
Start importing Assets/Course Library/_Source_Files/Textures/SimplePeople_Doctor_Brown.png using Guid(9aac84faf67d0ca4b9d6efbd4d27a849) Importer(815301076,1909f56bfc062723c751e8b465ee728b)  -> (artifact id: '98d5ae8b24cdf1c02f51c0de6c581a0b') in 0.014884 seconds
  Import took 0.017282 seconds .

========================================================================
Received Import Request.
  Time since last request: 0.284676 seconds.
  path: Assets/Course Library/_Source_Files/Textures/SimplePeople_Doctor_White.png
  artifactKey: Guid(fe1471620c6980246afa8143d135e9fc) Importer(815301076,1909f56bfc062723c751e8b465ee728b)
Start importing Assets/Course Library/_Source_Files/Textures/SimplePeople_Doctor_White.png using Guid(fe1471620c6980246afa8143d135e9fc) Importer(815301076,1909f56bfc062723c751e8b465ee728b)  -> (artifact id: 'c2332f464879735e8a6d410275e9d569') in 0.013474 seconds
  Import took 0.016929 seconds .

========================================================================
Received Import Request.
  Time since last request: 0.000365 seconds.
  path: Assets/Course Library/_Source_Files/Textures/SimplePeople_Punk_Black.png
  artifactKey: Guid(ac7fc91501adbf245badec7c5b7ba18f) Importer(815301076,1909f56bfc062723c751e8b465ee728b)
Start importing Assets/Course Library/_Source_Files/Textures/SimplePeople_Punk_Black.png using Guid(ac7fc91501adbf245badec7c5b7ba18f) Importer(815301076,1909f56bfc062723c751e8b465ee728b)  -> (artifact id: '2b9e8f1b0adb298cd413fcd2013ec869') in 0.012712 seconds
  Import took 0.015816 seconds .

========================================================================
Received Import Request.
  Time since last request: 0.000265 seconds.
  path: Assets/Course Library/_Source_Files/Textures/SimplePeople_Doctor_White.png
  artifactKey: Guid(fe1471620c6980246afa8143d135e9fc) Importer(815301076,1909f56bfc062723c751e8b465ee728b)
Start importing Assets/Course Library/_Source_Files/Textures/SimplePeople_Doctor_White.png using Guid(fe1471620c6980246afa8143d135e9fc) Importer(815301076,1909f56bfc062723c751e8b465ee728b)  -> (artifact id: 'c2332f464879735e8a6d410275e9d569') in 0.009459 seconds
  Import took 0.012076 seconds .

========================================================================
Received Import Request.
  Time since last request: 0.012429 seconds.
  path: Assets/Course Library/_Source_Files/Textures/SimplePeople_Punk_Black.png
  artifactKey: Guid(ac7fc91501adbf245badec7c5b7ba18f) Importer(815301076,1909f56bfc062723c751e8b465ee728b)
Start importing Assets/Course Library/_Source_Files/Textures/SimplePeople_Punk_Black.png using Guid(ac7fc91501adbf245badec7c5b7ba18f) Importer(815301076,1909f56bfc062723c751e8b465ee728b)  -> (artifact id: '2b9e8f1b0adb298cd413fcd2013ec869') in 0.008622 seconds
  Import took 0.012894 seconds .

========================================================================
Received Import Request.
  Time since last request: 0.018968 seconds.
  path: Assets/Course Library/_Source_Files/Textures/SimplePeople_Punk_Brown.png
  artifactKey: Guid(be907f43491cbfb488b6f7d8b273fb69) Importer(815301076,1909f56bfc062723c751e8b465ee728b)
Start importing Assets/Course Library/_Source_Files/Textures/SimplePeople_Punk_Brown.png using Guid(be907f43491cbfb488b6f7d8b273fb69) Importer(815301076,1909f56bfc062723c751e8b465ee728b)  -> (artifact id: 'bbad68a0d36dc4a4a2a426e4303416d9') in 0.011678 seconds
  Import took 0.020186 seconds .

========================================================================
Received Import Request.
  Time since last request: 0.000227 seconds.
  path: Assets/Course Library/_Source_Files/Textures/SimplePeople_Punk_White.png
  artifactKey: Guid(b900139b444721d4eb7ea7bf1311c4f3) Importer(815301076,1909f56bfc062723c751e8b465ee728b)
Start importing Assets/Course Library/_Source_Files/Textures/SimplePeople_Punk_White.png using Guid(b900139b444721d4eb7ea7bf1311c4f3) Importer(815301076,1909f56bfc062723c751e8b465ee728b)  -> (artifact id: 'b53ece9d55e130c552ef1f918d0bf2ed') in 0.017844 seconds
  Import took 0.020145 seconds .

========================================================================
Received Import Request.
  Time since last request: 0.000202 seconds.
  path: Assets/Course Library/_Source_Files/Textures/SimplePeople_RoadWorker_Brown.png
  artifactKey: Guid(a97b265ea09bf7c45b1ad1dc247ab689) Importer(815301076,1909f56bfc062723c751e8b465ee728b)
Start importing Assets/Course Library/_Source_Files/Textures/SimplePeople_RoadWorker_Brown.png using Guid(a97b265ea09bf7c45b1ad1dc247ab689) Importer(815301076,1909f56bfc062723c751e8b465ee728b)  -> (artifact id: 'c6a609b5a22a7b0853e85d7b494488ce') in 0.013343 seconds
  Import took 0.015380 seconds .

========================================================================
Received Import Request.
  Time since last request: 0.000222 seconds.
  path: Assets/Course Library/_Source_Files/Textures/SimplePeople_RoadWorker_Black.png
  artifactKey: Guid(9d815fed57ec7fe40a9d89cd5a708ea8) Importer(815301076,1909f56bfc062723c751e8b465ee728b)
Start importing Assets/Course Library/_Source_Files/Textures/SimplePeople_RoadWorker_Black.png using Guid(9d815fed57ec7fe40a9d89cd5a708ea8) Importer(815301076,1909f56bfc062723c751e8b465ee728b)  -> (artifact id: '9befee02521b317b1d10b8ebce84e943') in 0.019049 seconds
  Import took 0.021495 seconds .

========================================================================
Received Import Request.
  Time since last request: 0.277405 seconds.
  path: Assets/Course Library/_Source_Files/Textures/SimplePeople_RoadWorker_White.png
  artifactKey: Guid(06e19e958dfa37642ae5619bedf35920) Importer(815301076,1909f56bfc062723c751e8b465ee728b)
Start importing Assets/Course Library/_Source_Files/Textures/SimplePeople_RoadWorker_White.png using Guid(06e19e958dfa37642ae5619bedf35920) Importer(815301076,1909f56bfc062723c751e8b465ee728b)  -> (artifact id: 'ad20a755f18f00c4e69349f0e4260d5c') in 0.012827 seconds
  Import took 0.015493 seconds .

========================================================================
Received Import Request.
  Time since last request: 0.000210 seconds.
  path: Assets/Course Library/_Source_Files/Textures/SimplePeople_Waitress_Black.png
  artifactKey: Guid(28ef5d1be2c3e0f469599dcb97b6ca17) Importer(815301076,1909f56bfc062723c751e8b465ee728b)
Start importing Assets/Course Library/_Source_Files/Textures/SimplePeople_Waitress_Black.png using Guid(28ef5d1be2c3e0f469599dcb97b6ca17) Importer(815301076,1909f56bfc062723c751e8b465ee728b)  -> (artifact id: '339fb1cf4c96df65bd02c0bb0e4ce287') in 0.012540 seconds
  Import took 0.014620 seconds .

========================================================================
Received Import Request.
  Time since last request: 0.121635 seconds.
  path: Assets/Course Library/_Source_Files/Textures/SimplePeople_Waitress_Brown.png
  artifactKey: Guid(0000894bdf64f1b468a3c75f66de34ab) Importer(815301076,1909f56bfc062723c751e8b465ee728b)
Start importing Assets/Course Library/_Source_Files/Textures/SimplePeople_Waitress_Brown.png using Guid(0000894bdf64f1b468a3c75f66de34ab) Importer(815301076,1909f56bfc062723c751e8b465ee728b)  -> (artifact id: '335e33adbb09c0f9430cb5fd3dbacd82') in 0.015343 seconds
  Import took 0.018229 seconds .

========================================================================
Received Import Request.
  Time since last request: 0.000233 seconds.
  path: Assets/Course Library/_Source_Files/Textures/SimplePeople_Waitress_White.png
  artifactKey: Guid(dd192c6007229f84ca5ebc4ef9236d19) Importer(815301076,1909f56bfc062723c751e8b465ee728b)
Start importing Assets/Course Library/_Source_Files/Textures/SimplePeople_Waitress_White.png using Guid(dd192c6007229f84ca5ebc4ef9236d19) Importer(815301076,1909f56bfc062723c751e8b465ee728b)  -> (artifact id: 'e754d503b61be0aa0327d02b1f1c0500') in 0.012996 seconds
  Import took 0.015328 seconds .

========================================================================
Received Import Request.
  Time since last request: 0.086145 seconds.
  path: Assets/Course Library/_Source_Files/Textures/SimplePort.png
  artifactKey: Guid(eddd954894fbf3c42aedd49856d24e81) Importer(815301076,1909f56bfc062723c751e8b465ee728b)
Start importing Assets/Course Library/_Source_Files/Textures/SimplePort.png using Guid(eddd954894fbf3c42aedd49856d24e81) Importer(815301076,1909f56bfc062723c751e8b465ee728b)  -> (artifact id: 'b9a568e5fbde6598a127170797dd3346') in 0.026661 seconds
  Import took 0.029792 seconds .

========================================================================
Received Import Request.
  Time since last request: 23.884456 seconds.
  path: Assets/Course Library/_Source_Files/Textures/Textures_Props.png
  artifactKey: Guid(ac660800cea938a42ae8f2c5ea24539e) Importer(815301076,1909f56bfc062723c751e8b465ee728b)
Start importing Assets/Course Library/_Source_Files/Textures/Textures_Props.png using Guid(ac660800cea938a42ae8f2c5ea24539e) Importer(815301076,1909f56bfc062723c751e8b465ee728b)  -> (artifact id: '7ad2746b053e8619d77005552f34f643') in 0.012678 seconds
  Import took 0.015617 seconds .

========================================================================
Received Import Request.
  Time since last request: 0.038725 seconds.
  path: Assets/Course Library/_Source_Files/Textures/Textures_Props.png
  artifactKey: Guid(ac660800cea938a42ae8f2c5ea24539e) Importer(815301076,1909f56bfc062723c751e8b465ee728b)
Start importing Assets/Course Library/_Source_Files/Textures/Textures_Props.png using Guid(ac660800cea938a42ae8f2c5ea24539e) Importer(815301076,1909f56bfc062723c751e8b465ee728b)  -> (artifact id: '7ad2746b053e8619d77005552f34f643') in 0.015157 seconds
  Import took 0.019069 seconds .

========================================================================
Received Import Request.
  Time since last request: 5.586100 seconds.
  path: Assets/Course Library/_Source_Files/Textures/PolygonNature_01.png
  artifactKey: Guid(2edd58f7c433e934db9029c375173b44) Importer(815301076,1909f56bfc062723c751e8b465ee728b)
Start importing Assets/Course Library/_Source_Files/Textures/PolygonNature_01.png using Guid(2edd58f7c433e934db9029c375173b44) Importer(815301076,1909f56bfc062723c751e8b465ee728b)  -> (artifact id: 'dd7fa3cf594fbb9402d11883fc4c6e1e') in 0.029519 seconds
  Import took 0.031897 seconds .

========================================================================
Received Prepare
Registering precompiled user dll's ...
Registered in 0.000919 seconds.
Begin MonoManager ReloadAssembly
Native extension for WindowsStandalone target not found
Native extension for WebGL target not found
Refreshing native plugins compatible for Editor in 0.25 ms, found 0 plugins.
Preloading 0 native plugins for Editor in 0.00 ms.
Mono: successfully reloaded assembly
- Completed reload, in  0.992 seconds
Platform modules already initialized, skipping
Refreshing native plugins compatible for Editor in 0.31 ms, found 0 plugins.
Preloading 0 native plugins for Editor in 0.00 ms.
Unloading 1137 Unused Serialized files (Serialized files now loaded: 0)
System memory in use before: 63.3 MB.
System memory in use after: 62.7 MB.

Unloading 17 unused Assets to reduce memory usage. Loaded Objects now: 1628.
Total: 2.436800 ms (FindLiveObjects: 0.135000 ms CreateObjectMapping: 0.038600 ms MarkObjects: 1.846600 ms  DeleteObjects: 0.415200 ms)

========================================================================
Received Import Request.
  Time since last request: 15.650459 seconds.
  path: Assets/Course Library/_Source_Files/Textures/Textures_Props 1.png
  artifactKey: Guid(3bfaab8f87046e34499d58dad21fc99b) Importer(815301076,1909f56bfc062723c751e8b465ee728b)
Start importing Assets/Course Library/_Source_Files/Textures/Textures_Props 1.png using Guid(3bfaab8f87046e34499d58dad21fc99b) Importer(815301076,1909f56bfc062723c751e8b465ee728b)  -> (artifact id: '4bbc1f0ff436b7c277836b53142745c4') in 0.051983 seconds
  Import took 0.113895 seconds .

========================================================================
Received Import Request.
  Time since last request: 9.664095 seconds.
  path: Assets/Textures/Textures_Props_n.png
  artifactKey: Guid(3bfaab8f87046e34499d58dad21fc99b) Importer(815301076,1909f56bfc062723c751e8b465ee728b)
Start importing Assets/Textures/Textures_Props_n.png using Guid(3bfaab8f87046e34499d58dad21fc99b) Importer(815301076,1909f56bfc062723c751e8b465ee728b)  -> (artifact id: '3c57f1b9df8afbcde6a333f2c343fc32') in 0.014859 seconds
  Import took 0.018719 seconds .

========================================================================
Received Import Request.
  Time since last request: 4.888314 seconds.
  path: Assets/Textures/Textures_Props_n.png
  artifactKey: Guid(3bfaab8f87046e34499d58dad21fc99b) Importer(815301076,1909f56bfc062723c751e8b465ee728b)
Start importing Assets/Textures/Textures_Props_n.png using Guid(3bfaab8f87046e34499d58dad21fc99b) Importer(815301076,1909f56bfc062723c751e8b465ee728b)  -> (artifact id: '099e6d3fbf53d11bb9624a6e1325a19f') in 0.036336 seconds
  Import took 0.039450 seconds .

========================================================================
Received Prepare
Registering precompiled user dll's ...
Registered in 0.000935 seconds.
Begin MonoManager ReloadAssembly
Native extension for WindowsStandalone target not found
Native extension for WebGL target not found
Refreshing native plugins compatible for Editor in 0.33 ms, found 0 plugins.
Preloading 0 native plugins for Editor in 0.00 ms.
Mono: successfully reloaded assembly
- Completed reload, in  1.057 seconds
Platform modules already initialized, skipping
Refreshing native plugins compatible for Editor in 0.30 ms, found 0 plugins.
Preloading 0 native plugins for Editor in 0.00 ms.
Unloading 1136 Unused Serialized files (Serialized files now loaded: 0)
System memory in use before: 63.2 MB.
System memory in use after: 62.7 MB.

Unloading 17 unused Assets to reduce memory usage. Loaded Objects now: 1633.
Total: 2.232000 ms (FindLiveObjects: 0.147200 ms CreateObjectMapping: 0.037500 ms MarkObjects: 1.712200 ms  DeleteObjects: 0.334300 ms)

========================================================================
Received Import Request.
  Time since last request: 78.972091 seconds.
  path: Assets/Prefabs/GroundTile.prefab
  artifactKey: Guid(0a995a8bf6709fb4d961742b7dd46906) Importer(815301076,1909f56bfc062723c751e8b465ee728b)
Start importing Assets/Prefabs/GroundTile.prefab using Guid(0a995a8bf6709fb4d961742b7dd46906) Importer(815301076,1909f56bfc062723c751e8b465ee728b)  -> (artifact id: '857517289fc838b4596d056ca27d587f') in 0.174158 seconds
  Import took 0.176581 seconds .

========================================================================
Received Import Request.
  Time since last request: 116.995679 seconds.
  path: Assets/Prefabs/Barrel_01.prefab
  artifactKey: Guid(4b47c970682304840b6f21c7fe004c96) Importer(815301076,1909f56bfc062723c751e8b465ee728b)
Start importing Assets/Prefabs/Barrel_01.prefab using Guid(4b47c970682304840b6f21c7fe004c96) Importer(815301076,1909f56bfc062723c751e8b465ee728b)  -> (artifact id: '8ebf25c9a887f4d0f2cbb4961c033e74') in 0.027973 seconds
  Import took 0.031173 seconds .

========================================================================
Received Import Request.
  Time since last request: 0.047367 seconds.
  path: Assets/Prefabs/Barrel_01.prefab
  artifactKey: Guid(4b47c970682304840b6f21c7fe004c96) Importer(815301076,1909f56bfc062723c751e8b465ee728b)
Start importing Assets/Prefabs/Barrel_01.prefab using Guid(4b47c970682304840b6f21c7fe004c96) Importer(815301076,1909f56bfc062723c751e8b465ee728b)  -> (artifact id: '8ebf25c9a887f4d0f2cbb4961c033e74') in 0.019174 seconds
  Import took 0.022816 seconds .

========================================================================
Received Import Request.
  Time since last request: 71.985934 seconds.
  path: Assets/Scenes/Prototype 3.unity
  artifactKey: Guid(dc8c9f3efd746429fa6f9482dc779492) Importer(815301076,1909f56bfc062723c751e8b465ee728b)
Start importing Assets/Scenes/Prototype 3.unity using Guid(dc8c9f3efd746429fa6f9482dc779492) Importer(815301076,1909f56bfc062723c751e8b465ee728b)  -> (artifact id: 'd4154eac43458f98acd35bfce44af699') in 0.008299 seconds
  Import took 0.024333 seconds .

========================================================================
Received Prepare
Registering precompiled user dll's ...
Registered in 0.000886 seconds.
Begin MonoManager ReloadAssembly
Native extension for WindowsStandalone target not found
Native extension for WebGL target not found
Refreshing native plugins compatible for Editor in 0.25 ms, found 0 plugins.
Preloading 0 native plugins for Editor in 0.00 ms.
Mono: successfully reloaded assembly
- Completed reload, in  1.127 seconds
Platform modules already initialized, skipping
Refreshing native plugins compatible for Editor in 0.31 ms, found 0 plugins.
Preloading 0 native plugins for Editor in 0.00 ms.
Unloading 1136 Unused Serialized files (Serialized files now loaded: 0)
System memory in use before: 63.3 MB.
System memory in use after: 62.7 MB.

Unloading 17 unused Assets to reduce memory usage. Loaded Objects now: 1638.
Total: 2.404300 ms (FindLiveObjects: 0.146100 ms CreateObjectMapping: 0.039100 ms MarkObjects: 1.820700 ms  DeleteObjects: 0.397300 ms)

========================================================================
Received Import Request.
  Time since last request: 16.938274 seconds.
  path: Assets/Scenes/EndlessRunner.unity
  artifactKey: Guid(330b3402666b82942984115b1be1f2e2) Importer(815301076,1909f56bfc062723c751e8b465ee728b)
Start importing Assets/Scenes/EndlessRunner.unity using Guid(330b3402666b82942984115b1be1f2e2) Importer(815301076,1909f56bfc062723c751e8b465ee728b)  -> (artifact id: 'ae0675c1619332f95a9e4bdf1e5b0b54') in 0.022004 seconds
  Import took 0.025348 seconds .

========================================================================
Received Prepare
Registering precompiled user dll's ...
Registered in 0.001063 seconds.
Begin MonoManager ReloadAssembly
Native extension for WindowsStandalone target not found
Native extension for WebGL target not found
Refreshing native plugins compatible for Editor in 0.31 ms, found 0 plugins.
Preloading 0 native plugins for Editor in 0.00 ms.
Mono: successfully reloaded assembly
- Completed reload, in  1.028 seconds
Platform modules already initialized, skipping
Refreshing native plugins compatible for Editor in 0.35 ms, found 0 plugins.
Preloading 0 native plugins for Editor in 0.00 ms.
Unloading 1136 Unused Serialized files (Serialized files now loaded: 0)
System memory in use before: 63.3 MB.
System memory in use after: 62.8 MB.

Unloading 17 unused Assets to reduce memory usage. Loaded Objects now: 1641.
Total: 3.186500 ms (FindLiveObjects: 0.162000 ms CreateObjectMapping: 0.040900 ms MarkObjects: 2.598300 ms  DeleteObjects: 0.384000 ms)

========================================================================
Received Import Request.
  Time since last request: 70.430867 seconds.
  path: Assets/Prefabs/Barrels 1.prefab
  artifactKey: Guid(2916a94ab39e1bd489463325f4da0bc7) Importer(815301076,1909f56bfc062723c751e8b465ee728b)
Start importing Assets/Prefabs/Barrels 1.prefab using Guid(2916a94ab39e1bd489463325f4da0bc7) Importer(815301076,1909f56bfc062723c751e8b465ee728b)  -> (artifact id: '4ea2c8868f0b8205422c72e99f2591d9') in 0.079608 seconds
  Import took 0.082802 seconds .

========================================================================
Received Import Request.
  Time since last request: 2.138098 seconds.
  path: Assets/Prefabs/Barrels 1.prefab
  artifactKey: Guid(2916a94ab39e1bd489463325f4da0bc7) Importer(815301076,1909f56bfc062723c751e8b465ee728b)
Start importing Assets/Prefabs/Barrels 1.prefab using Guid(2916a94ab39e1bd489463325f4da0bc7) Importer(815301076,1909f56bfc062723c751e8b465ee728b)  -> (artifact id: '4ea2c8868f0b8205422c72e99f2591d9') in 0.015257 seconds
  Import took 0.017991 seconds .

========================================================================
Received Prepare
Registering precompiled user dll's ...
Registered in 0.001429 seconds.
Begin MonoManager ReloadAssembly
Native extension for WindowsStandalone target not found
Native extension for WebGL target not found
Refreshing native plugins compatible for Editor in 0.32 ms, found 0 plugins.
Preloading 0 native plugins for Editor in 0.00 ms.
Mono: successfully reloaded assembly
- Completed reload, in  0.994 seconds
Platform modules already initialized, skipping
Refreshing native plugins compatible for Editor in 0.26 ms, found 0 plugins.
Preloading 0 native plugins for Editor in 0.00 ms.
Unloading 1136 Unused Serialized files (Serialized files now loaded: 0)
System memory in use before: 63.3 MB.
System memory in use after: 62.8 MB.

Unloading 17 unused Assets to reduce memory usage. Loaded Objects now: 1645.
Total: 2.544500 ms (FindLiveObjects: 0.129400 ms CreateObjectMapping: 0.037600 ms MarkObjects: 1.565200 ms  DeleteObjects: 0.810900 ms)

========================================================================
Received Import Request.
  Time since last request: 100.235583 seconds.
  path: Assets/Prefabs/Barrels 1.prefab
  artifactKey: Guid(2916a94ab39e1bd489463325f4da0bc7) Importer(815301076,1909f56bfc062723c751e8b465ee728b)
Start importing Assets/Prefabs/Barrels 1.prefab using Guid(2916a94ab39e1bd489463325f4da0bc7) Importer(815301076,1909f56bfc062723c751e8b465ee728b)  -> (artifact id: '9dc31eaffcec9904e3c02a8c3075adef') in 0.070064 seconds
  Import took 0.072667 seconds .

========================================================================
Received Prepare
Registering precompiled user dll's ...
Registered in 0.001017 seconds.
Begin MonoManager ReloadAssembly
Native extension for WindowsStandalone target not found
Native extension for WebGL target not found
Refreshing native plugins compatible for Editor in 0.51 ms, found 0 plugins.
Preloading 0 native plugins for Editor in 0.00 ms.
Mono: successfully reloaded assembly
- Completed reload, in  1.046 seconds
Platform modules already initialized, skipping
Refreshing native plugins compatible for Editor in 0.27 ms, found 0 plugins.
Preloading 0 native plugins for Editor in 0.00 ms.
Unloading 1136 Unused Serialized files (Serialized files now loaded: 0)
System memory in use before: 63.3 MB.
System memory in use after: 62.8 MB.

Unloading 17 unused Assets to reduce memory usage. Loaded Objects now: 1649.
Total: 2.350600 ms (FindLiveObjects: 0.126400 ms CreateObjectMapping: 0.037100 ms MarkObjects: 1.827500 ms  DeleteObjects: 0.358600 ms)

AssetImportWorkerClient::OnTransportError - code=2 error=End of file
